version: (200506)

available memory: 64M bytes
used memory: 139264 bytes [need 136K bytes if disable swap]

used block: 3 [memory(3) file(0)]
                 [ 8K(1) 64K(2) { total 136K bytes } ]
overhead: (9514) bytes for (3) blocks [Average: (3171) bytes/block]

write  => 0(times) 0K(bytes) [0K bytes to file]
read   => 2(times) 9K(bytes) [2K bytes compressed data from file]
access => 21422(times) 171M(bytes)
          [hit ratio: 99.9907%]

time: write(0) read(0)  unit: second

swap file directory: (/mnt/PCDA_share/pohsl/LED_MUX_CONTROLLER/verdiLog)
used swap file number: (4)



swap file manager:
arrSize: (256)
idxCnt: (5)
closeHead: (1)
closeTail: (4)
openCnt: (3)
fid(4): fd(1073741825) fileName(/mnt/PCDA_share/pohsl/LED_MUX_CONTROLLER/sim/dut_simv.daidir/kdb.elab++/work.lib++/dut.sv.tdc)
	size(1113) lastModTime(1762913574) curModTime(1762913574)
	mode(rb)	hot(0) cool(2) pos(0)
fid(3): fd(0) fileName(/mnt/PCDA_share/pohsl/LED_MUX_CONTROLLER/sim/dut_simv.daidir/kdb.elab++/work.lib++/uvm_custom_install_verdi_recorder.sv.tdc)
	size(16435) lastModTime(1762913574) curModTime(1762913574)
	mode(rb)	hot(0) cool(0) pos(0)
fid(2): fd(31) fileName(/mnt/PCDA_share/pohsl/LED_MUX_CONTROLLER/verdiLog/_swap_0001#-1583374860#667479)
	size(0) lastModTime(0) curModTime(1762913656)
	mode(w+b)	hot(4) cool(1) pos(0)
fid(1): fd(1073741824) fileName(/mnt/PCDA_share/pohsl/LED_MUX_CONTROLLER/sim/dut_simv.daidir/kdb.elab++/work.lib++/top_tb.sv.tdc)
	size(4061) lastModTime(1762913574) curModTime(1762913574)
	mode(rb)	hot(2) cool(0) pos(0)
fid(0): fd(0) fileName(NULL)
	mode(NULL)	hot(0) cool(0) pos(0)
==================================================
mySelf(0x20d55860) pre(0x22a318a0) next((nil))
version(200506)
date(Mar  1 2025 20:26:47)
