Command: vcs -full64 -l dut_comp.log -sverilog +v2k +vcs+lic+wait +vcs+flush+all \
-debug_access+all -kdb -debug_report -top top_tb -o dut_simv -ntb_opts uvm-1.2 +define+UVM_OBJECT_MUST_HAVE_CONSTRUCTOR \
-file /home/pohsl/ai_dv_project/dv_project/LED_MUX_CONTROLLER_stu/tb/dut.f -timescale=1ns/1ps \
-cm line+tgl+cond+fsm+branch+assert -assert enable_diag -CFLAGS -DVCS
                         Chronologic VCS (TM)
       Version W-2024.09-SP2_Full64 -- Mon Jul 13 21:01:09 2026

                    Copyright (c) 1991 - 2025 Synopsys, Inc.
   This software and the associated documentation are proprietary to Synopsys,
 Inc. This software may only be used in accordance with the terms and conditions
 of a written license agreement with Synopsys, Inc. All other use, reproduction,
   or distribution of this software is strictly prohibited.  Licensed Products
     communicate with Synopsys servers for the purpose of providing software
    updates, detecting software piracy and verifying that customers are using
    Licensed Products in conformity with the applicable License Key for such
  Licensed Products. Synopsys will use information gathered in connection with
    this process to deliver software updates and pursue software pirates and
                                   infringers.

 Inclusivity & Diversity - Visit SolvNetPlus to read the "Synopsys Statement on
            Inclusivity and Diversity" (Refer to article 000036315 at
                        https://solvnetplus.synopsys.com)

Parsing design file '/home/synopsys/vcs/W-2024.09-SP2/etc/uvm-1.2/uvm_pkg.sv'
Parsing included file '/home/synopsys/vcs/W-2024.09-SP2/etc/uvm-1.2/uvm_macros.svh'.
Parsing included file '/home/synopsys/vcs/W-2024.09-SP2/etc/uvm-1.2/macros/uvm_version_defines.svh'.
Back to file '/home/synopsys/vcs/W-2024.09-SP2/etc/uvm-1.2/uvm_macros.svh'.
Parsing included file '/home/synopsys/vcs/W-2024.09-SP2/etc/uvm-1.2/macros/uvm_global_defines.svh'.
Back to file '/home/synopsys/vcs/W-2024.09-SP2/etc/uvm-1.2/uvm_macros.svh'.
Parsing included file '/home/synopsys/vcs/W-2024.09-SP2/etc/uvm-1.2/macros/snps_macros.svp'.
Back to file '/home/synopsys/vcs/W-2024.09-SP2/etc/uvm-1.2/uvm_macros.svh'.
Parsing included file '/home/synopsys/vcs/W-2024.09-SP2/etc/uvm-1.2/macros/uvm_message_defines.svh'.
Back to file '/home/synopsys/vcs/W-2024.09-SP2/etc/uvm-1.2/uvm_macros.svh'.
Parsing included file '/home/synopsys/vcs/W-2024.09-SP2/etc/uvm-1.2/macros/uvm_phase_defines.svh'.
Back to file '/home/synopsys/vcs/W-2024.09-SP2/etc/uvm-1.2/uvm_macros.svh'.
Parsing included file '/home/synopsys/vcs/W-2024.09-SP2/etc/uvm-1.2/macros/uvm_object_defines.svh'.
Back to file '/home/synopsys/vcs/W-2024.09-SP2/etc/uvm-1.2/uvm_macros.svh'.
Parsing included file '/home/synopsys/vcs/W-2024.09-SP2/etc/uvm-1.2/macros/uvm_printer_defines.svh'.
Back to file '/home/synopsys/vcs/W-2024.09-SP2/etc/uvm-1.2/uvm_macros.svh'.
Parsing included file '/home/synopsys/vcs/W-2024.09-SP2/etc/uvm-1.2/macros/uvm_tlm_defines.svh'.
Parsing included file '/home/synopsys/vcs/W-2024.09-SP2/etc/uvm-1.2/tlm1/uvm_tlm_imps.svh'.
Back to file '/home/synopsys/vcs/W-2024.09-SP2/etc/uvm-1.2/macros/uvm_tlm_defines.svh'.
Back to file '/home/synopsys/vcs/W-2024.09-SP2/etc/uvm-1.2/uvm_macros.svh'.
Parsing included file '/home/synopsys/vcs/W-2024.09-SP2/etc/uvm-1.2/macros/uvm_sequence_defines.svh'.
Back to file '/home/synopsys/vcs/W-2024.09-SP2/etc/uvm-1.2/uvm_macros.svh'.
Parsing included file '/home/synopsys/vcs/W-2024.09-SP2/etc/uvm-1.2/macros/uvm_callback_defines.svh'.
Back to file '/home/synopsys/vcs/W-2024.09-SP2/etc/uvm-1.2/uvm_macros.svh'.
Parsing included file '/home/synopsys/vcs/W-2024.09-SP2/etc/uvm-1.2/macros/uvm_reg_defines.svh'.
Back to file '/home/synopsys/vcs/W-2024.09-SP2/etc/uvm-1.2/uvm_macros.svh'.
Parsing included file '/home/synopsys/vcs/W-2024.09-SP2/etc/uvm-1.2/macros/uvm_deprecated_defines.svh'.
Back to file '/home/synopsys/vcs/W-2024.09-SP2/etc/uvm-1.2/uvm_macros.svh'.
Back to file '/home/synopsys/vcs/W-2024.09-SP2/etc/uvm-1.2/uvm_pkg.sv'.
Parsing included file '/home/synopsys/vcs/W-2024.09-SP2/etc/uvm-1.2/dpi/uvm_dpi.svh'.
Parsing included file '/home/synopsys/vcs/W-2024.09-SP2/etc/uvm-1.2/dpi/uvm_hdl.svh'.
Back to file '/home/synopsys/vcs/W-2024.09-SP2/etc/uvm-1.2/dpi/uvm_dpi.svh'.
Parsing included file '/home/synopsys/vcs/W-2024.09-SP2/etc/uvm-1.2/dpi/uvm_svcmd_dpi.svh'.
Back to file '/home/synopsys/vcs/W-2024.09-SP2/etc/uvm-1.2/dpi/uvm_dpi.svh'.
Parsing included file '/home/synopsys/vcs/W-2024.09-SP2/etc/uvm-1.2/dpi/uvm_regex.svh'.
Back to file '/home/synopsys/vcs/W-2024.09-SP2/etc/uvm-1.2/dpi/uvm_dpi.svh'.
Back to file '/home/synopsys/vcs/W-2024.09-SP2/etc/uvm-1.2/uvm_pkg.sv'.
Parsing included file '/home/synopsys/vcs/W-2024.09-SP2/etc/uvm-1.2/base/uvm_base.svh'.
Parsing included file '/home/synopsys/vcs/W-2024.09-SP2/etc/uvm-1.2/base/uvm_coreservice.svh'.
Back to file '/home/synopsys/vcs/W-2024.09-SP2/etc/uvm-1.2/base/uvm_base.svh'.
Parsing included file '/home/synopsys/vcs/W-2024.09-SP2/etc/uvm-1.2/base/uvm_version.svh'.
Back to file '/home/synopsys/vcs/W-2024.09-SP2/etc/uvm-1.2/base/uvm_base.svh'.
Parsing included file '/home/synopsys/vcs/W-2024.09-SP2/etc/uvm-1.2/base/uvm_object_globals.svh'.
Back to file '/home/synopsys/vcs/W-2024.09-SP2/etc/uvm-1.2/base/uvm_base.svh'.
Parsing included file '/home/synopsys/vcs/W-2024.09-SP2/etc/uvm-1.2/base/uvm_misc.svh'.
Back to file '/home/synopsys/vcs/W-2024.09-SP2/etc/uvm-1.2/base/uvm_base.svh'.
Parsing included file '/home/synopsys/vcs/W-2024.09-SP2/etc/uvm-1.2/base/uvm_object.svh'.
Back to file '/home/synopsys/vcs/W-2024.09-SP2/etc/uvm-1.2/base/uvm_base.svh'.
Parsing included file '/home/synopsys/vcs/W-2024.09-SP2/etc/uvm-1.2/base/uvm_pool.svh'.
Back to file '/home/synopsys/vcs/W-2024.09-SP2/etc/uvm-1.2/base/uvm_base.svh'.
Parsing included file '/home/synopsys/vcs/W-2024.09-SP2/etc/uvm-1.2/base/uvm_queue.svh'.
Back to file '/home/synopsys/vcs/W-2024.09-SP2/etc/uvm-1.2/base/uvm_base.svh'.
Parsing included file '/home/synopsys/vcs/W-2024.09-SP2/etc/uvm-1.2/base/uvm_factory.svh'.
Back to file '/home/synopsys/vcs/W-2024.09-SP2/etc/uvm-1.2/base/uvm_base.svh'.
Parsing included file '/home/synopsys/vcs/W-2024.09-SP2/etc/uvm-1.2/base/uvm_registry.svh'.
Back to file '/home/synopsys/vcs/W-2024.09-SP2/etc/uvm-1.2/base/uvm_base.svh'.
Parsing included file '/home/synopsys/vcs/W-2024.09-SP2/etc/uvm-1.2/base/uvm_spell_chkr.svh'.
Back to file '/home/synopsys/vcs/W-2024.09-SP2/etc/uvm-1.2/base/uvm_base.svh'.
Parsing included file '/home/synopsys/vcs/W-2024.09-SP2/etc/uvm-1.2/base/uvm_resource.svh'.
Back to file '/home/synopsys/vcs/W-2024.09-SP2/etc/uvm-1.2/base/uvm_base.svh'.
Parsing included file '/home/synopsys/vcs/W-2024.09-SP2/etc/uvm-1.2/base/uvm_resource_specializations.svh'.
Back to file '/home/synopsys/vcs/W-2024.09-SP2/etc/uvm-1.2/base/uvm_base.svh'.
Parsing included file '/home/synopsys/vcs/W-2024.09-SP2/etc/uvm-1.2/base/uvm_resource_db.svh'.
Back to file '/home/synopsys/vcs/W-2024.09-SP2/etc/uvm-1.2/base/uvm_base.svh'.
Parsing included file '/home/synopsys/vcs/W-2024.09-SP2/etc/uvm-1.2/base/uvm_config_db.svh'.
Back to file '/home/synopsys/vcs/W-2024.09-SP2/etc/uvm-1.2/base/uvm_base.svh'.
Parsing included file '/home/synopsys/vcs/W-2024.09-SP2/etc/uvm-1.2/base/uvm_printer.svh'.
Back to file '/home/synopsys/vcs/W-2024.09-SP2/etc/uvm-1.2/base/uvm_base.svh'.
Parsing included file '/home/synopsys/vcs/W-2024.09-SP2/etc/uvm-1.2/base/uvm_comparer.svh'.
Back to file '/home/synopsys/vcs/W-2024.09-SP2/etc/uvm-1.2/base/uvm_base.svh'.
Parsing included file '/home/synopsys/vcs/W-2024.09-SP2/etc/uvm-1.2/base/uvm_packer.svh'.
Back to file '/home/synopsys/vcs/W-2024.09-SP2/etc/uvm-1.2/base/uvm_base.svh'.
Parsing included file '/home/synopsys/vcs/W-2024.09-SP2/etc/uvm-1.2/base/uvm_links.svh'.
Back to file '/home/synopsys/vcs/W-2024.09-SP2/etc/uvm-1.2/base/uvm_base.svh'.
Parsing included file '/home/synopsys/vcs/W-2024.09-SP2/etc/uvm-1.2/base/uvm_tr_database.svh'.
Back to file '/home/synopsys/vcs/W-2024.09-SP2/etc/uvm-1.2/base/uvm_base.svh'.
Parsing included file '/home/synopsys/vcs/W-2024.09-SP2/etc/uvm-1.2/base/uvm_tr_stream.svh'.
Back to file '/home/synopsys/vcs/W-2024.09-SP2/etc/uvm-1.2/base/uvm_base.svh'.
Parsing included file '/home/synopsys/vcs/W-2024.09-SP2/etc/uvm-1.2/base/uvm_recorder.svh'.
Back to file '/home/synopsys/vcs/W-2024.09-SP2/etc/uvm-1.2/base/uvm_base.svh'.
Parsing included file '/home/synopsys/vcs/W-2024.09-SP2/etc/uvm-1.2/base/uvm_event_callback.svh'.
Back to file '/home/synopsys/vcs/W-2024.09-SP2/etc/uvm-1.2/base/uvm_base.svh'.
Parsing included file '/home/synopsys/vcs/W-2024.09-SP2/etc/uvm-1.2/base/uvm_event.svh'.
Back to file '/home/synopsys/vcs/W-2024.09-SP2/etc/uvm-1.2/base/uvm_base.svh'.
Parsing included file '/home/synopsys/vcs/W-2024.09-SP2/etc/uvm-1.2/base/uvm_barrier.svh'.
Back to file '/home/synopsys/vcs/W-2024.09-SP2/etc/uvm-1.2/base/uvm_base.svh'.
Parsing included file '/home/synopsys/vcs/W-2024.09-SP2/etc/uvm-1.2/base/uvm_callback.svh'.
Parsing included file '/home/synopsys/vcs/W-2024.09-SP2/etc/uvm-1.2/uvm_macros.svh'.
Back to file '/home/synopsys/vcs/W-2024.09-SP2/etc/uvm-1.2/base/uvm_callback.svh'.
Back to file '/home/synopsys/vcs/W-2024.09-SP2/etc/uvm-1.2/base/uvm_base.svh'.
Parsing included file '/home/synopsys/vcs/W-2024.09-SP2/etc/uvm-1.2/base/uvm_report_message.svh'.
Back to file '/home/synopsys/vcs/W-2024.09-SP2/etc/uvm-1.2/base/uvm_base.svh'.
Parsing included file '/home/synopsys/vcs/W-2024.09-SP2/etc/uvm-1.2/base/uvm_report_catcher.svh'.
Back to file '/home/synopsys/vcs/W-2024.09-SP2/etc/uvm-1.2/base/uvm_base.svh'.
Parsing included file '/home/synopsys/vcs/W-2024.09-SP2/etc/uvm-1.2/base/uvm_report_server.svh'.
Back to file '/home/synopsys/vcs/W-2024.09-SP2/etc/uvm-1.2/base/uvm_base.svh'.
Parsing included file '/home/synopsys/vcs/W-2024.09-SP2/etc/uvm-1.2/base/uvm_report_handler.svh'.
Back to file '/home/synopsys/vcs/W-2024.09-SP2/etc/uvm-1.2/base/uvm_base.svh'.
Parsing included file '/home/synopsys/vcs/W-2024.09-SP2/etc/uvm-1.2/base/uvm_report_object.svh'.
Back to file '/home/synopsys/vcs/W-2024.09-SP2/etc/uvm-1.2/base/uvm_base.svh'.
Parsing included file '/home/synopsys/vcs/W-2024.09-SP2/etc/uvm-1.2/base/uvm_transaction.svh'.
Back to file '/home/synopsys/vcs/W-2024.09-SP2/etc/uvm-1.2/base/uvm_base.svh'.
Parsing included file '/home/synopsys/vcs/W-2024.09-SP2/etc/uvm-1.2/base/uvm_phase.svh'.
Back to file '/home/synopsys/vcs/W-2024.09-SP2/etc/uvm-1.2/base/uvm_base.svh'.
Parsing included file '/home/synopsys/vcs/W-2024.09-SP2/etc/uvm-1.2/base/uvm_domain.svh'.
Back to file '/home/synopsys/vcs/W-2024.09-SP2/etc/uvm-1.2/base/uvm_base.svh'.
Parsing included file '/home/synopsys/vcs/W-2024.09-SP2/etc/uvm-1.2/base/uvm_bottomup_phase.svh'.
Back to file '/home/synopsys/vcs/W-2024.09-SP2/etc/uvm-1.2/base/uvm_base.svh'.
Parsing included file '/home/synopsys/vcs/W-2024.09-SP2/etc/uvm-1.2/base/uvm_topdown_phase.svh'.
Back to file '/home/synopsys/vcs/W-2024.09-SP2/etc/uvm-1.2/base/uvm_base.svh'.
Parsing included file '/home/synopsys/vcs/W-2024.09-SP2/etc/uvm-1.2/base/uvm_task_phase.svh'.
Back to file '/home/synopsys/vcs/W-2024.09-SP2/etc/uvm-1.2/base/uvm_base.svh'.
Parsing included file '/home/synopsys/vcs/W-2024.09-SP2/etc/uvm-1.2/base/uvm_common_phases.svh'.
Back to file '/home/synopsys/vcs/W-2024.09-SP2/etc/uvm-1.2/base/uvm_base.svh'.
Parsing included file '/home/synopsys/vcs/W-2024.09-SP2/etc/uvm-1.2/base/uvm_runtime_phases.svh'.
Back to file '/home/synopsys/vcs/W-2024.09-SP2/etc/uvm-1.2/base/uvm_base.svh'.
Parsing included file '/home/synopsys/vcs/W-2024.09-SP2/etc/uvm-1.2/base/uvm_component.svh'.
Parsing included file '/home/synopsys/vcs/W-2024.09-SP2/etc/uvm-1.2/base/uvm_root.svh'.
Back to file '/home/synopsys/vcs/W-2024.09-SP2/etc/uvm-1.2/base/uvm_component.svh'.
Back to file '/home/synopsys/vcs/W-2024.09-SP2/etc/uvm-1.2/base/uvm_base.svh'.
Parsing included file '/home/synopsys/vcs/W-2024.09-SP2/etc/uvm-1.2/base/uvm_objection.svh'.
Back to file '/home/synopsys/vcs/W-2024.09-SP2/etc/uvm-1.2/base/uvm_base.svh'.
Parsing included file '/home/synopsys/vcs/W-2024.09-SP2/etc/uvm-1.2/base/uvm_heartbeat.svh'.
Back to file '/home/synopsys/vcs/W-2024.09-SP2/etc/uvm-1.2/base/uvm_base.svh'.
Parsing included file '/home/synopsys/vcs/W-2024.09-SP2/etc/uvm-1.2/base/uvm_globals.svh'.
Back to file '/home/synopsys/vcs/W-2024.09-SP2/etc/uvm-1.2/base/uvm_base.svh'.
Parsing included file '/home/synopsys/vcs/W-2024.09-SP2/etc/uvm-1.2/base/uvm_cmdline_processor.svh'.
Back to file '/home/synopsys/vcs/W-2024.09-SP2/etc/uvm-1.2/base/uvm_base.svh'.
Parsing included file '/home/synopsys/vcs/W-2024.09-SP2/etc/uvm-1.2/base/uvm_traversal.svh'.
Back to file '/home/synopsys/vcs/W-2024.09-SP2/etc/uvm-1.2/base/uvm_base.svh'.
Back to file '/home/synopsys/vcs/W-2024.09-SP2/etc/uvm-1.2/uvm_pkg.sv'.
Parsing included file '/home/synopsys/vcs/W-2024.09-SP2/etc/uvm-1.2/dap/uvm_dap.svh'.
Parsing included file '/home/synopsys/vcs/W-2024.09-SP2/etc/uvm-1.2/dap/uvm_set_get_dap_base.svh'.
Back to file '/home/synopsys/vcs/W-2024.09-SP2/etc/uvm-1.2/dap/uvm_dap.svh'.
Parsing included file '/home/synopsys/vcs/W-2024.09-SP2/etc/uvm-1.2/dap/uvm_simple_lock_dap.svh'.
Back to file '/home/synopsys/vcs/W-2024.09-SP2/etc/uvm-1.2/dap/uvm_dap.svh'.
Parsing included file '/home/synopsys/vcs/W-2024.09-SP2/etc/uvm-1.2/dap/uvm_get_to_lock_dap.svh'.
Back to file '/home/synopsys/vcs/W-2024.09-SP2/etc/uvm-1.2/dap/uvm_dap.svh'.
Parsing included file '/home/synopsys/vcs/W-2024.09-SP2/etc/uvm-1.2/dap/uvm_set_before_get_dap.svh'.
Back to file '/home/synopsys/vcs/W-2024.09-SP2/etc/uvm-1.2/dap/uvm_dap.svh'.
Back to file '/home/synopsys/vcs/W-2024.09-SP2/etc/uvm-1.2/uvm_pkg.sv'.
Parsing included file '/home/synopsys/vcs/W-2024.09-SP2/etc/uvm-1.2/tlm1/uvm_tlm.svh'.
Parsing included file '/home/synopsys/vcs/W-2024.09-SP2/etc/uvm-1.2/tlm1/uvm_tlm_ifs.svh'.
Back to file '/home/synopsys/vcs/W-2024.09-SP2/etc/uvm-1.2/tlm1/uvm_tlm.svh'.
Parsing included file '/home/synopsys/vcs/W-2024.09-SP2/etc/uvm-1.2/tlm1/uvm_sqr_ifs.svh'.
Back to file '/home/synopsys/vcs/W-2024.09-SP2/etc/uvm-1.2/tlm1/uvm_tlm.svh'.
Parsing included file '/home/synopsys/vcs/W-2024.09-SP2/etc/uvm-1.2/base/uvm_port_base.svh'.
Back to file '/home/synopsys/vcs/W-2024.09-SP2/etc/uvm-1.2/tlm1/uvm_tlm.svh'.
Parsing included file '/home/synopsys/vcs/W-2024.09-SP2/etc/uvm-1.2/tlm1/uvm_tlm_imps.svh'.
Back to file '/home/synopsys/vcs/W-2024.09-SP2/etc/uvm-1.2/tlm1/uvm_tlm.svh'.
Parsing included file '/home/synopsys/vcs/W-2024.09-SP2/etc/uvm-1.2/tlm1/uvm_imps.svh'.
Back to file '/home/synopsys/vcs/W-2024.09-SP2/etc/uvm-1.2/tlm1/uvm_tlm.svh'.
Parsing included file '/home/synopsys/vcs/W-2024.09-SP2/etc/uvm-1.2/tlm1/uvm_ports.svh'.
Back to file '/home/synopsys/vcs/W-2024.09-SP2/etc/uvm-1.2/tlm1/uvm_tlm.svh'.
Parsing included file '/home/synopsys/vcs/W-2024.09-SP2/etc/uvm-1.2/tlm1/uvm_exports.svh'.
Back to file '/home/synopsys/vcs/W-2024.09-SP2/etc/uvm-1.2/tlm1/uvm_tlm.svh'.
Parsing included file '/home/synopsys/vcs/W-2024.09-SP2/etc/uvm-1.2/tlm1/uvm_analysis_port.svh'.
Back to file '/home/synopsys/vcs/W-2024.09-SP2/etc/uvm-1.2/tlm1/uvm_tlm.svh'.
Parsing included file '/home/synopsys/vcs/W-2024.09-SP2/etc/uvm-1.2/tlm1/uvm_tlm_fifo_base.svh'.
Back to file '/home/synopsys/vcs/W-2024.09-SP2/etc/uvm-1.2/tlm1/uvm_tlm.svh'.
Parsing included file '/home/synopsys/vcs/W-2024.09-SP2/etc/uvm-1.2/tlm1/uvm_tlm_fifos.svh'.
Back to file '/home/synopsys/vcs/W-2024.09-SP2/etc/uvm-1.2/tlm1/uvm_tlm.svh'.
Parsing included file '/home/synopsys/vcs/W-2024.09-SP2/etc/uvm-1.2/tlm1/uvm_tlm_req_rsp.svh'.
Back to file '/home/synopsys/vcs/W-2024.09-SP2/etc/uvm-1.2/tlm1/uvm_tlm.svh'.
Parsing included file '/home/synopsys/vcs/W-2024.09-SP2/etc/uvm-1.2/tlm1/uvm_sqr_connections.svh'.
Back to file '/home/synopsys/vcs/W-2024.09-SP2/etc/uvm-1.2/tlm1/uvm_tlm.svh'.
Back to file '/home/synopsys/vcs/W-2024.09-SP2/etc/uvm-1.2/uvm_pkg.sv'.
Parsing included file '/home/synopsys/vcs/W-2024.09-SP2/etc/uvm-1.2/comps/uvm_comps.svh'.
Parsing included file '/home/synopsys/vcs/W-2024.09-SP2/etc/uvm-1.2/comps/uvm_pair.svh'.
Back to file '/home/synopsys/vcs/W-2024.09-SP2/etc/uvm-1.2/comps/uvm_comps.svh'.
Parsing included file '/home/synopsys/vcs/W-2024.09-SP2/etc/uvm-1.2/comps/uvm_policies.svh'.
Back to file '/home/synopsys/vcs/W-2024.09-SP2/etc/uvm-1.2/comps/uvm_comps.svh'.
Parsing included file '/home/synopsys/vcs/W-2024.09-SP2/etc/uvm-1.2/comps/uvm_in_order_comparator.svh'.
Back to file '/home/synopsys/vcs/W-2024.09-SP2/etc/uvm-1.2/comps/uvm_comps.svh'.
Parsing included file '/home/synopsys/vcs/W-2024.09-SP2/etc/uvm-1.2/comps/uvm_algorithmic_comparator.svh'.
Back to file '/home/synopsys/vcs/W-2024.09-SP2/etc/uvm-1.2/comps/uvm_comps.svh'.
Parsing included file '/home/synopsys/vcs/W-2024.09-SP2/etc/uvm-1.2/comps/uvm_random_stimulus.svh'.
Back to file '/home/synopsys/vcs/W-2024.09-SP2/etc/uvm-1.2/comps/uvm_comps.svh'.
Parsing included file '/home/synopsys/vcs/W-2024.09-SP2/etc/uvm-1.2/comps/uvm_subscriber.svh'.
Back to file '/home/synopsys/vcs/W-2024.09-SP2/etc/uvm-1.2/comps/uvm_comps.svh'.
Parsing included file '/home/synopsys/vcs/W-2024.09-SP2/etc/uvm-1.2/comps/uvm_monitor.svh'.
Back to file '/home/synopsys/vcs/W-2024.09-SP2/etc/uvm-1.2/comps/uvm_comps.svh'.
Parsing included file '/home/synopsys/vcs/W-2024.09-SP2/etc/uvm-1.2/comps/uvm_driver.svh'.
Back to file '/home/synopsys/vcs/W-2024.09-SP2/etc/uvm-1.2/comps/uvm_comps.svh'.
Parsing included file '/home/synopsys/vcs/W-2024.09-SP2/etc/uvm-1.2/comps/uvm_push_driver.svh'.
Back to file '/home/synopsys/vcs/W-2024.09-SP2/etc/uvm-1.2/comps/uvm_comps.svh'.
Parsing included file '/home/synopsys/vcs/W-2024.09-SP2/etc/uvm-1.2/comps/uvm_scoreboard.svh'.
Back to file '/home/synopsys/vcs/W-2024.09-SP2/etc/uvm-1.2/comps/uvm_comps.svh'.
Parsing included file '/home/synopsys/vcs/W-2024.09-SP2/etc/uvm-1.2/comps/uvm_agent.svh'.
Back to file '/home/synopsys/vcs/W-2024.09-SP2/etc/uvm-1.2/comps/uvm_comps.svh'.
Parsing included file '/home/synopsys/vcs/W-2024.09-SP2/etc/uvm-1.2/comps/uvm_env.svh'.
Back to file '/home/synopsys/vcs/W-2024.09-SP2/etc/uvm-1.2/comps/uvm_comps.svh'.
Parsing included file '/home/synopsys/vcs/W-2024.09-SP2/etc/uvm-1.2/comps/uvm_test.svh'.
Back to file '/home/synopsys/vcs/W-2024.09-SP2/etc/uvm-1.2/comps/uvm_comps.svh'.
Back to file '/home/synopsys/vcs/W-2024.09-SP2/etc/uvm-1.2/uvm_pkg.sv'.
Parsing included file '/home/synopsys/vcs/W-2024.09-SP2/etc/uvm-1.2/seq/uvm_seq.svh'.
Parsing included file '/home/synopsys/vcs/W-2024.09-SP2/etc/uvm-1.2/seq/uvm_sequence_item.svh'.
Back to file '/home/synopsys/vcs/W-2024.09-SP2/etc/uvm-1.2/seq/uvm_seq.svh'.
Parsing included file '/home/synopsys/vcs/W-2024.09-SP2/etc/uvm-1.2/seq/uvm_sequencer_base.svh'.
Back to file '/home/synopsys/vcs/W-2024.09-SP2/etc/uvm-1.2/seq/uvm_seq.svh'.
Parsing included file '/home/synopsys/vcs/W-2024.09-SP2/etc/uvm-1.2/seq/uvm_sequencer_analysis_fifo.svh'.
Back to file '/home/synopsys/vcs/W-2024.09-SP2/etc/uvm-1.2/seq/uvm_seq.svh'.
Parsing included file '/home/synopsys/vcs/W-2024.09-SP2/etc/uvm-1.2/seq/uvm_sequencer_param_base.svh'.
Back to file '/home/synopsys/vcs/W-2024.09-SP2/etc/uvm-1.2/seq/uvm_seq.svh'.
Parsing included file '/home/synopsys/vcs/W-2024.09-SP2/etc/uvm-1.2/seq/uvm_sequencer.svh'.
Back to file '/home/synopsys/vcs/W-2024.09-SP2/etc/uvm-1.2/seq/uvm_seq.svh'.
Parsing included file '/home/synopsys/vcs/W-2024.09-SP2/etc/uvm-1.2/seq/uvm_push_sequencer.svh'.
Back to file '/home/synopsys/vcs/W-2024.09-SP2/etc/uvm-1.2/seq/uvm_seq.svh'.
Parsing included file '/home/synopsys/vcs/W-2024.09-SP2/etc/uvm-1.2/seq/uvm_sequence_base.svh'.
Back to file '/home/synopsys/vcs/W-2024.09-SP2/etc/uvm-1.2/seq/uvm_seq.svh'.
Parsing included file '/home/synopsys/vcs/W-2024.09-SP2/etc/uvm-1.2/seq/uvm_sequence.svh'.
Back to file '/home/synopsys/vcs/W-2024.09-SP2/etc/uvm-1.2/seq/uvm_seq.svh'.
Parsing included file '/home/synopsys/vcs/W-2024.09-SP2/etc/uvm-1.2/seq/uvm_sequence_library.svh'.
Back to file '/home/synopsys/vcs/W-2024.09-SP2/etc/uvm-1.2/seq/uvm_seq.svh'.
Parsing included file '/home/synopsys/vcs/W-2024.09-SP2/etc/uvm-1.2/seq/uvm_sequence_builtin.svh'.
Back to file '/home/synopsys/vcs/W-2024.09-SP2/etc/uvm-1.2/seq/uvm_seq.svh'.
Back to file '/home/synopsys/vcs/W-2024.09-SP2/etc/uvm-1.2/uvm_pkg.sv'.
Parsing included file '/home/synopsys/vcs/W-2024.09-SP2/etc/uvm-1.2/tlm2/uvm_tlm2.svh'.
Parsing included file '/home/synopsys/vcs/W-2024.09-SP2/etc/uvm-1.2/tlm2/uvm_tlm2_defines.svh'.
Back to file '/home/synopsys/vcs/W-2024.09-SP2/etc/uvm-1.2/tlm2/uvm_tlm2.svh'.
Parsing included file '/home/synopsys/vcs/W-2024.09-SP2/etc/uvm-1.2/tlm2/uvm_tlm2_time.svh'.
Back to file '/home/synopsys/vcs/W-2024.09-SP2/etc/uvm-1.2/tlm2/uvm_tlm2.svh'.
Parsing included file '/home/synopsys/vcs/W-2024.09-SP2/etc/uvm-1.2/tlm2/uvm_tlm2_generic_payload.svh'.
Back to file '/home/synopsys/vcs/W-2024.09-SP2/etc/uvm-1.2/tlm2/uvm_tlm2.svh'.
Parsing included file '/home/synopsys/vcs/W-2024.09-SP2/etc/uvm-1.2/tlm2/uvm_tlm2_ifs.svh'.
Back to file '/home/synopsys/vcs/W-2024.09-SP2/etc/uvm-1.2/tlm2/uvm_tlm2.svh'.
Parsing included file '/home/synopsys/vcs/W-2024.09-SP2/etc/uvm-1.2/tlm2/uvm_tlm2_imps.svh'.
Back to file '/home/synopsys/vcs/W-2024.09-SP2/etc/uvm-1.2/tlm2/uvm_tlm2.svh'.
Parsing included file '/home/synopsys/vcs/W-2024.09-SP2/etc/uvm-1.2/tlm2/uvm_tlm2_ports.svh'.
Back to file '/home/synopsys/vcs/W-2024.09-SP2/etc/uvm-1.2/tlm2/uvm_tlm2.svh'.
Parsing included file '/home/synopsys/vcs/W-2024.09-SP2/etc/uvm-1.2/tlm2/uvm_tlm2_exports.svh'.
Back to file '/home/synopsys/vcs/W-2024.09-SP2/etc/uvm-1.2/tlm2/uvm_tlm2.svh'.
Parsing included file '/home/synopsys/vcs/W-2024.09-SP2/etc/uvm-1.2/tlm2/uvm_tlm2_sockets_base.svh'.
Back to file '/home/synopsys/vcs/W-2024.09-SP2/etc/uvm-1.2/tlm2/uvm_tlm2.svh'.
Parsing included file '/home/synopsys/vcs/W-2024.09-SP2/etc/uvm-1.2/tlm2/uvm_tlm2_sockets.svh'.
Back to file '/home/synopsys/vcs/W-2024.09-SP2/etc/uvm-1.2/tlm2/uvm_tlm2.svh'.
Back to file '/home/synopsys/vcs/W-2024.09-SP2/etc/uvm-1.2/uvm_pkg.sv'.
Parsing included file '/home/synopsys/vcs/W-2024.09-SP2/etc/uvm-1.2/reg/uvm_reg_model.svh'.
Parsing included file '/home/synopsys/vcs/W-2024.09-SP2/etc/uvm-1.2/reg/uvm_reg_item.svh'.
Back to file '/home/synopsys/vcs/W-2024.09-SP2/etc/uvm-1.2/reg/uvm_reg_model.svh'.
Parsing included file '/home/synopsys/vcs/W-2024.09-SP2/etc/uvm-1.2/reg/uvm_reg_adapter.svh'.
Back to file '/home/synopsys/vcs/W-2024.09-SP2/etc/uvm-1.2/reg/uvm_reg_model.svh'.
Parsing included file '/home/synopsys/vcs/W-2024.09-SP2/etc/uvm-1.2/reg/uvm_reg_predictor.svh'.
Back to file '/home/synopsys/vcs/W-2024.09-SP2/etc/uvm-1.2/reg/uvm_reg_model.svh'.
Parsing included file '/home/synopsys/vcs/W-2024.09-SP2/etc/uvm-1.2/reg/uvm_reg_sequence.svh'.
Back to file '/home/synopsys/vcs/W-2024.09-SP2/etc/uvm-1.2/reg/uvm_reg_model.svh'.
Parsing included file '/home/synopsys/vcs/W-2024.09-SP2/etc/uvm-1.2/reg/uvm_reg_cbs.svh'.
Back to file '/home/synopsys/vcs/W-2024.09-SP2/etc/uvm-1.2/reg/uvm_reg_model.svh'.
Parsing included file '/home/synopsys/vcs/W-2024.09-SP2/etc/uvm-1.2/reg/uvm_reg_backdoor.svh'.
Back to file '/home/synopsys/vcs/W-2024.09-SP2/etc/uvm-1.2/reg/uvm_reg_model.svh'.
Parsing included file '/home/synopsys/vcs/W-2024.09-SP2/etc/uvm-1.2/reg/uvm_reg_field.svh'.
Back to file '/home/synopsys/vcs/W-2024.09-SP2/etc/uvm-1.2/reg/uvm_reg_model.svh'.
Parsing included file '/home/synopsys/vcs/W-2024.09-SP2/etc/uvm-1.2/reg/uvm_vreg_field.svh'.
Back to file '/home/synopsys/vcs/W-2024.09-SP2/etc/uvm-1.2/reg/uvm_reg_model.svh'.
Parsing included file '/home/synopsys/vcs/W-2024.09-SP2/etc/uvm-1.2/reg/uvm_reg.svh'.
Back to file '/home/synopsys/vcs/W-2024.09-SP2/etc/uvm-1.2/reg/uvm_reg_model.svh'.
Parsing included file '/home/synopsys/vcs/W-2024.09-SP2/etc/uvm-1.2/reg/uvm_reg_indirect.svh'.
Back to file '/home/synopsys/vcs/W-2024.09-SP2/etc/uvm-1.2/reg/uvm_reg_model.svh'.
Parsing included file '/home/synopsys/vcs/W-2024.09-SP2/etc/uvm-1.2/reg/uvm_reg_fifo.svh'.
Back to file '/home/synopsys/vcs/W-2024.09-SP2/etc/uvm-1.2/reg/uvm_reg_model.svh'.
Parsing included file '/home/synopsys/vcs/W-2024.09-SP2/etc/uvm-1.2/reg/uvm_reg_file.svh'.
Back to file '/home/synopsys/vcs/W-2024.09-SP2/etc/uvm-1.2/reg/uvm_reg_model.svh'.
Parsing included file '/home/synopsys/vcs/W-2024.09-SP2/etc/uvm-1.2/reg/uvm_mem_mam.svh'.
Back to file '/home/synopsys/vcs/W-2024.09-SP2/etc/uvm-1.2/reg/uvm_reg_model.svh'.
Parsing included file '/home/synopsys/vcs/W-2024.09-SP2/etc/uvm-1.2/reg/uvm_vreg.svh'.
Back to file '/home/synopsys/vcs/W-2024.09-SP2/etc/uvm-1.2/reg/uvm_reg_model.svh'.
Parsing included file '/home/synopsys/vcs/W-2024.09-SP2/etc/uvm-1.2/reg/uvm_mem.svh'.
Back to file '/home/synopsys/vcs/W-2024.09-SP2/etc/uvm-1.2/reg/uvm_reg_model.svh'.
Parsing included file '/home/synopsys/vcs/W-2024.09-SP2/etc/uvm-1.2/reg/uvm_reg_map.svh'.
Back to file '/home/synopsys/vcs/W-2024.09-SP2/etc/uvm-1.2/reg/uvm_reg_model.svh'.
Parsing included file '/home/synopsys/vcs/W-2024.09-SP2/etc/uvm-1.2/reg/uvm_reg_block.svh'.
Back to file '/home/synopsys/vcs/W-2024.09-SP2/etc/uvm-1.2/reg/uvm_reg_model.svh'.
Parsing included file '/home/synopsys/vcs/W-2024.09-SP2/etc/uvm-1.2/reg/sequences/uvm_reg_hw_reset_seq.svh'.
Back to file '/home/synopsys/vcs/W-2024.09-SP2/etc/uvm-1.2/reg/uvm_reg_model.svh'.
Parsing included file '/home/synopsys/vcs/W-2024.09-SP2/etc/uvm-1.2/reg/sequences/uvm_reg_bit_bash_seq.svh'.
Back to file '/home/synopsys/vcs/W-2024.09-SP2/etc/uvm-1.2/reg/uvm_reg_model.svh'.
Parsing included file '/home/synopsys/vcs/W-2024.09-SP2/etc/uvm-1.2/reg/sequences/uvm_mem_walk_seq.svh'.
Back to file '/home/synopsys/vcs/W-2024.09-SP2/etc/uvm-1.2/reg/uvm_reg_model.svh'.
Parsing included file '/home/synopsys/vcs/W-2024.09-SP2/etc/uvm-1.2/reg/sequences/uvm_mem_access_seq.svh'.
Back to file '/home/synopsys/vcs/W-2024.09-SP2/etc/uvm-1.2/reg/uvm_reg_model.svh'.
Parsing included file '/home/synopsys/vcs/W-2024.09-SP2/etc/uvm-1.2/reg/sequences/uvm_reg_access_seq.svh'.
Back to file '/home/synopsys/vcs/W-2024.09-SP2/etc/uvm-1.2/reg/uvm_reg_model.svh'.
Parsing included file '/home/synopsys/vcs/W-2024.09-SP2/etc/uvm-1.2/reg/sequences/uvm_reg_mem_shared_access_seq.svh'.
Back to file '/home/synopsys/vcs/W-2024.09-SP2/etc/uvm-1.2/reg/uvm_reg_model.svh'.
Parsing included file '/home/synopsys/vcs/W-2024.09-SP2/etc/uvm-1.2/reg/sequences/uvm_reg_mem_built_in_seq.svh'.
Back to file '/home/synopsys/vcs/W-2024.09-SP2/etc/uvm-1.2/reg/uvm_reg_model.svh'.
Parsing included file '/home/synopsys/vcs/W-2024.09-SP2/etc/uvm-1.2/reg/sequences/uvm_reg_mem_hdl_paths_seq.svh'.
Back to file '/home/synopsys/vcs/W-2024.09-SP2/etc/uvm-1.2/reg/uvm_reg_model.svh'.
Parsing included file '/home/synopsys/vcs/W-2024.09-SP2/etc/uvm-1.2/reg/snps_uvm_reg_bank.svh'.
Back to file '/home/synopsys/vcs/W-2024.09-SP2/etc/uvm-1.2/reg/uvm_reg_model.svh'.
Back to file '/home/synopsys/vcs/W-2024.09-SP2/etc/uvm-1.2/uvm_pkg.sv'.
Parsing included file '/home/synopsys/vcs/W-2024.09-SP2/etc/uvm-1.2/vcs/vcs_uvm_alt.sv'.
Back to file '/home/synopsys/vcs/W-2024.09-SP2/etc/uvm-1.2/uvm_pkg.sv'.
Parsing design file '/home/synopsys/vcs/W-2024.09-SP2/etc/uvm-1.2/vcs/uvm_custom_install_vcs_recorder.sv'
Parsing included file '/home/synopsys/vcs/W-2024.09-SP2/etc/uvm-1.2/vcs/msglog.svh'.
Back to file '/home/synopsys/vcs/W-2024.09-SP2/etc/uvm-1.2/vcs/uvm_custom_install_vcs_recorder.sv'.
Parsing included file '/home/synopsys/vcs/W-2024.09-SP2/etc/uvm-1.2/vcs/uvm_msglog_report_server.sv'.
Back to file '/home/synopsys/vcs/W-2024.09-SP2/etc/uvm-1.2/vcs/uvm_custom_install_vcs_recorder.sv'.
Parsing included file '/home/synopsys/vcs/W-2024.09-SP2/etc/uvm-1.2/vcs/uvm_vcs_recorder.svh'.
Parsing included file '/home/synopsys/vcs/W-2024.09-SP2/etc/uvm-1.2/vcs/uvm_vcs_tr_database.svh'.
Parsing included file '/home/synopsys/vcs/W-2024.09-SP2/etc/uvm-1.2/vcs/uvm_vcs_tr_stream.svh'.
Back to file '/home/synopsys/vcs/W-2024.09-SP2/etc/uvm-1.2/vcs/uvm_vcs_tr_database.svh'.
Back to file '/home/synopsys/vcs/W-2024.09-SP2/etc/uvm-1.2/vcs/uvm_vcs_recorder.svh'.
Back to file '/home/synopsys/vcs/W-2024.09-SP2/etc/uvm-1.2/vcs/uvm_custom_install_vcs_recorder.sv'.
Parsing included file '/home/synopsys/vcs/W-2024.09-SP2/etc/uvm-1.2/vcs/uvm_vcs_record_interface.sv'.
Back to file '/home/synopsys/vcs/W-2024.09-SP2/etc/uvm-1.2/vcs/uvm_custom_install_vcs_recorder.sv'.
Parsing design file '/home/synopsys/vcs/W-2024.09-SP2/etc/uvm-1.2/verdi/uvm_custom_install_verdi_recorder.sv'
Parsing included file '/home/synopsys/vcs/W-2024.09-SP2/etc/uvm-1.2/uvm_macros.svh'.
Back to file '/home/synopsys/vcs/W-2024.09-SP2/etc/uvm-1.2/verdi/uvm_custom_install_verdi_recorder.sv'.
Parsing included file '/home/synopsys/vcs/W-2024.09-SP2/etc/uvm-1.2/verdi/uvm_verdi_recorder.svh'.
Parsing included file '/home/synopsys/vcs/W-2024.09-SP2/etc/uvm-1.2/verdi/uvm_verdi_pli_base.svh'.
Back to file '/home/synopsys/vcs/W-2024.09-SP2/etc/uvm-1.2/verdi/uvm_verdi_recorder.svh'.
Parsing included file '/home/synopsys/vcs/W-2024.09-SP2/etc/uvm-1.2/verdi/uvm_verdi_tr_database.svh'.
Parsing included file '/home/synopsys/vcs/W-2024.09-SP2/etc/uvm-1.2/verdi/uvm_verdi_tr_stream.svh'.
Back to file '/home/synopsys/vcs/W-2024.09-SP2/etc/uvm-1.2/verdi/uvm_verdi_tr_database.svh'.
Back to file '/home/synopsys/vcs/W-2024.09-SP2/etc/uvm-1.2/verdi/uvm_verdi_recorder.svh'.
Back to file '/home/synopsys/vcs/W-2024.09-SP2/etc/uvm-1.2/verdi/uvm_custom_install_verdi_recorder.sv'.
Parsing included file '/home/synopsys/vcs/W-2024.09-SP2/etc/uvm-1.2/verdi/uvm_verdi_reg_map_recording.sv'.
Back to file '/home/synopsys/vcs/W-2024.09-SP2/etc/uvm-1.2/verdi/uvm_custom_install_verdi_recorder.sv'.
Parsing included file '/home/synopsys/vcs/W-2024.09-SP2/etc/uvm-1.2/verdi/uvm_verdi_message_catcher.svh'.
Parsing included file '/home/synopsys/vcs/W-2024.09-SP2/etc/uvm-1.2/verdi/uvm_verdi_pli_base.svh'.
Back to file '/home/synopsys/vcs/W-2024.09-SP2/etc/uvm-1.2/verdi/uvm_verdi_message_catcher.svh'.
Back to file '/home/synopsys/vcs/W-2024.09-SP2/etc/uvm-1.2/verdi/uvm_custom_install_verdi_recorder.sv'.
Parsing included file '/home/synopsys/vcs/W-2024.09-SP2/etc/uvm-1.2/verdi/uvm_verdi_factory.svh'.
Back to file '/home/synopsys/vcs/W-2024.09-SP2/etc/uvm-1.2/verdi/uvm_custom_install_verdi_recorder.sv'.
Parsing included file '/home/synopsys/vcs/W-2024.09-SP2/etc/uvm-1.2/verdi/./dpi/uvm_verdi_dpi.svh'.
Back to file '/home/synopsys/vcs/W-2024.09-SP2/etc/uvm-1.2/verdi/uvm_custom_install_verdi_recorder.sv'.
Parsing included file '/home/synopsys/vcs/W-2024.09-SP2/etc/uvm-1.2/verdi/uvm_verdi_reg_recording.sv'.
Back to file '/home/synopsys/vcs/W-2024.09-SP2/etc/uvm-1.2/verdi/uvm_custom_install_verdi_recorder.sv'.
Parsing included file '/home/synopsys/verdi/W-2024.09-SP2/share/PLI/VCS/include/verdi_trans_recorder_dpi.svh'.
Back to file '/home/synopsys/vcs/W-2024.09-SP2/etc/uvm-1.2/verdi/uvm_custom_install_verdi_recorder.sv'.
Parsing included file '/home/synopsys/vcs/W-2024.09-SP2/etc/uvm-1.2/verdi/uvm_verdi_pli.svh'.
Back to file '/home/synopsys/vcs/W-2024.09-SP2/etc/uvm-1.2/verdi/uvm_custom_install_verdi_recorder.sv'.
Parsing design file '/home/synopsys/vcs/W-2024.09-SP2/etc/uvm-1.2/verdi/uvm_custom_install_verdi_recorder.sv'
Parsing design file '../src/AMBA/APB/APB_Slave.sv'
Parsing design file '../src/bin2bcd.v'
Parsing design file '../src/LED_mux.v'
Parsing design file '../src/dp_mux.sv'
Parsing design file '../src/watchdog_mod.sv'
Parsing design file '../src/dut.sv'
Parsing design file '../tb/apb_agent/apb_if.sv'
Parsing design file '../tb/led_agent/led_if.sv'
Parsing design file '../tb/sva/led_mux_sva.sv'
Parsing design file '../tb/apb_agent/apb_agent_pkg.svh'
Parsing included file '../tb/apb_agent/apb_transaction.sv'.
Back to file '../tb/apb_agent/apb_agent_pkg.svh'.
Parsing included file '../tb/apb_agent/apb_driver.sv'.
Back to file '../tb/apb_agent/apb_agent_pkg.svh'.
Parsing included file '../tb/apb_agent/apb_monitor.sv'.
Back to file '../tb/apb_agent/apb_agent_pkg.svh'.
Parsing included file '../tb/apb_agent/apb_agent.sv'.
Back to file '../tb/apb_agent/apb_agent_pkg.svh'.
Parsing design file '../tb/led_agent/led_agent_pkg.svh'
Parsing included file '../tb/led_agent/led_transaction.sv'.
Back to file '../tb/led_agent/led_agent_pkg.svh'.
Parsing included file '../tb/led_agent/led_driver.sv'.
Back to file '../tb/led_agent/led_agent_pkg.svh'.
Parsing included file '../tb/led_agent/led_monitor.sv'.
Back to file '../tb/led_agent/led_agent_pkg.svh'.
Parsing included file '../tb/led_agent/led_agent.sv'.
Back to file '../tb/led_agent/led_agent_pkg.svh'.
Parsing design file '../tb/led_tb_pkg.svh'
Parsing included file '/home/synopsys/vcs/W-2024.09-SP2/etc/uvm-1.2/uvm_macros.svh'.
Back to file '../tb/led_tb_pkg.svh'.
Parsing included file '../tb/led_scoreboard.sv'.
Back to file '../tb/led_tb_pkg.svh'.
Parsing included file '../tb/led_coverage.sv'.
Back to file '../tb/led_tb_pkg.svh'.
Parsing included file '../tb/led_virtual_sequencer.sv'.
Back to file '../tb/led_tb_pkg.svh'.
Parsing included file '../tb/sequences/led_reset_seq.sv'.
Back to file '../tb/led_tb_pkg.svh'.
Parsing included file '../tb/sequences/led_reset_vseq.sv'.
Back to file '../tb/led_tb_pkg.svh'.
Parsing included file '../tb/sequences/apb_read_seq.sv'.
Back to file '../tb/led_tb_pkg.svh'.
Parsing included file '../tb/sequences/apb_write_seq.sv'.
Back to file '../tb/led_tb_pkg.svh'.
Parsing included file '../tb/sequences/apb_reset_defaults_vseq.sv'.
Back to file '../tb/led_tb_pkg.svh'.
Parsing included file '../tb/sequences/apb_pready_no_wait_vseq.sv'.
Back to file '../tb/led_tb_pkg.svh'.
Parsing included file '../tb/sequences/apb_led_enable_wr_rd_vseq.sv'.
Back to file '../tb/led_tb_pkg.svh'.
Parsing included file '../tb/sequences/apb_scratchpad_wr_rd_vseq.sv'.
Back to file '../tb/led_tb_pkg.svh'.
Parsing included file '../tb/sequences/apb_invalid_addr_vseq.sv'.
Back to file '../tb/led_tb_pkg.svh'.
Parsing included file '../tb/sequences/led_error_seq.sv'.
Back to file '../tb/led_tb_pkg.svh'.
Parsing included file '../tb/sequences/apb_done_poll_seq.sv'.
Back to file '../tb/led_tb_pkg.svh'.
Parsing included file '../tb/sequences/led_mux_virtual_seq.sv'.
Back to file '../tb/led_tb_pkg.svh'.
Parsing included file '../tb/sequences/led_all_digits_vseq.sv'.
Back to file '../tb/led_tb_pkg.svh'.
Parsing included file '../tb/sequences/apb_default_enable_vseq.sv'.
Back to file '../tb/led_tb_pkg.svh'.
Parsing included file '../tb/sequences/led_reenable_vseq.sv'.
Back to file '../tb/led_tb_pkg.svh'.
Parsing included file '../tb/sequences/full_display_vseq.sv'.
Back to file '../tb/led_tb_pkg.svh'.
Parsing included file '../tb/sequences/apb_read_during_processing_vseq.sv'.
Back to file '../tb/led_tb_pkg.svh'.
Parsing included file '../tb/sequences/random_regression_vseq.sv'.
Back to file '../tb/led_tb_pkg.svh'.
Parsing included file '../tb/sequences/led_overflow_boundary_vseq.sv'.
Back to file '../tb/led_tb_pkg.svh'.
Parsing included file '../tb/sequences/led_back_to_back_vseq.sv'.
Back to file '../tb/led_tb_pkg.svh'.
Parsing included file '../tb/sequences/enable_off_overflow_vseq.sv'.
Back to file '../tb/led_tb_pkg.svh'.
Parsing included file '../tb/sequences/led_digit_sweep_vseq.sv'.
Back to file '../tb/led_tb_pkg.svh'.
Parsing design file '../tb/top_tb.sv'
Parsing included file '/home/synopsys/vcs/W-2024.09-SP2/etc/uvm-1.2/uvm_macros.svh'.
Back to file '../tb/top_tb.sv'.
Parsing included file '../tb/test_lib.svh'.
Parsing included file '../tb/led_env.sv'.
Back to file '../tb/test_lib.svh'.
Parsing included file '../tb/test/base_test.sv'.
Back to file '../tb/test_lib.svh'.
Parsing included file '../tb/test/phase1_tb_top_test.sv'.
Back to file '../tb/test_lib.svh'.
Parsing included file '../tb/test/phase2_agent_sanity_test.sv'.
Back to file '../tb/test_lib.svh'.
Parsing included file '../tb/test/led_reset_values_test.sv'.
Back to file '../tb/test_lib.svh'.
Parsing included file '../tb/test/apb_reset_defaults_test.sv'.
Back to file '../tb/test_lib.svh'.
Parsing included file '../tb/test/apb_pready_no_wait_test.sv'.
Back to file '../tb/test_lib.svh'.
Parsing included file '../tb/test/apb_led_enable_write_read_test.sv'.
Back to file '../tb/test_lib.svh'.
Parsing included file '../tb/test/apb_scratchpad_wr_rd_test.sv'.
Back to file '../tb/test_lib.svh'.
Parsing included file '../tb/test/apb_invalid_addr_test.sv'.
Back to file '../tb/test_lib.svh'.
Parsing included file '../tb/test/led_decimal_42_test.sv'.
Back to file '../tb/test_lib.svh'.
Parsing included file '../tb/test/led_overflow_modulo_test.sv'.
Back to file '../tb/test_lib.svh'.
Parsing included file '../tb/test/led_disable_blocks_update_test.sv'.
Back to file '../tb/test_lib.svh'.
Parsing included file '../tb/test/led_all_digits_0_to_9_test.sv'.
Back to file '../tb/test_lib.svh'.
Parsing included file '../tb/test/smoke_test.sv'.
Back to file '../tb/test_lib.svh'.
Parsing included file '../tb/test/apb_default_enable_led_path_test.sv'.
Back to file '../tb/test_lib.svh'.
Parsing included file '../tb/test/led_reenable_after_disable_test.sv'.
Back to file '../tb/test_lib.svh'.
Parsing included file '../tb/test/led_max_displayable_test.sv'.
Back to file '../tb/test_lib.svh'.
Parsing included file '../tb/test/led_sel_onehot_scan_test.sv'.
Back to file '../tb/test_lib.svh'.
Parsing included file '../tb/test/led_hold_time_min_test.sv'.
Back to file '../tb/test_lib.svh'.
Parsing included file '../tb/test/led_latency_window_test.sv'.
Back to file '../tb/test_lib.svh'.
Parsing included file '../tb/test/full_display_flow_test.sv'.
Back to file '../tb/test_lib.svh'.
Parsing included file '../tb/test/apb_read_during_processing_test.sv'.
Back to file '../tb/test_lib.svh'.
Parsing included file '../tb/test/random_regression_test.sv'.
Back to file '../tb/test_lib.svh'.
Parsing included file '../tb/test/led_overflow_boundary_test.sv'.
Back to file '../tb/test_lib.svh'.
Parsing included file '../tb/test/led_overflow_max_test.sv'.
Back to file '../tb/test_lib.svh'.
Parsing included file '../tb/test/led_single_digit_zero_test.sv'.
Back to file '../tb/test_lib.svh'.
Parsing included file '../tb/test/led_single_digit_one_test.sv'.
Back to file '../tb/test_lib.svh'.
Parsing included file '../tb/test/led_seg_active_low_test.sv'.
Back to file '../tb/test_lib.svh'.
Parsing included file '../tb/test/led_back_to_back_error_test.sv'.
Back to file '../tb/test_lib.svh'.
Parsing included file '../tb/test/enable_off_overflow_test.sv'.
Back to file '../tb/test_lib.svh'.
Parsing included file '../tb/test/led_digit_sweep_test.sv'.
Back to file '../tb/test_lib.svh'.
Back to file '../tb/top_tb.sv'.
Top Level Modules:
       uvm_custom_install_verdi_recording
       top_tb
TimeScale is 1 ns / 1 ps

Warning-[IWNF] Implicit wire has no fanin
../src/dp_mux.sv, 15
  Implicit wire 'rstn' does not have any driver, please make sure this is 
  intended.


Warning-[PCWM-W] Port connection width mismatch
../src/dp_mux.sv, 27
"bin2bcd m4( .clk (clk),  .rst_n (rst_n),  .start (1),  .bin (error_q),  .dig0 (in0),  .dig1 (in1),  .dig2 (in2),  .dig3 (in3),  .dig4 (in4),  .dig5 (in5));"
  The following 32-bit expression is connected to 1-bit port "start" of module
  "bin2bcd", instance "m4".
  Expression: 1
  Instantiated module defined at: "../src/bin2bcd.v", 1
  Use +lint=PCWM for more details.


Warning-[PCWM-W] Port connection width mismatch
../src/dp_mux.sv, 27
"bin2bcd m4( .clk (clk),  .rst_n (rst_n),  .start (1),  .bin (error_q),  .dig0 (in0),  .dig1 (in1),  .dig2 (in2),  .dig3 (in3),  .dig4 (in4),  .dig5 (in5));"
  The following 11-bit expression is connected to 37-bit port "bin" of module 
  "bin2bcd", instance "m4".
  Expression: error_q
  Instantiated module defined at: "../src/bin2bcd.v", 1
  Use +lint=PCWM for more details.


Warning-[PCWM-W] Port connection width mismatch
../src/dp_mux.sv, 27
"bin2bcd m4( .clk (clk),  .rst_n (rst_n),  .start (1),  .bin (error_q),  .dig0 (in0),  .dig1 (in1),  .dig2 (in2),  .dig3 (in3),  .dig4 (in4),  .dig5 (in5));"
  The following 6-bit expression is connected to 4-bit port "dig0" of module 
  "bin2bcd", instance "m4".
  Expression: in0
  Instantiated module defined at: "../src/bin2bcd.v", 1
  Use +lint=PCWM for more details.


Warning-[PCWM-W] Port connection width mismatch
../src/dp_mux.sv, 27
"bin2bcd m4( .clk (clk),  .rst_n (rst_n),  .start (1),  .bin (error_q),  .dig0 (in0),  .dig1 (in1),  .dig2 (in2),  .dig3 (in3),  .dig4 (in4),  .dig5 (in5));"
  The following 6-bit expression is connected to 4-bit port "dig1" of module 
  "bin2bcd", instance "m4".
  Expression: in1
  Instantiated module defined at: "../src/bin2bcd.v", 1
  Use +lint=PCWM for more details.


Warning-[PCWM-W] Port connection width mismatch
../src/dp_mux.sv, 27
"bin2bcd m4( .clk (clk),  .rst_n (rst_n),  .start (1),  .bin (error_q),  .dig0 (in0),  .dig1 (in1),  .dig2 (in2),  .dig3 (in3),  .dig4 (in4),  .dig5 (in5));"
  The following 6-bit expression is connected to 4-bit port "dig2" of module 
  "bin2bcd", instance "m4".
  Expression: in2
  Instantiated module defined at: "../src/bin2bcd.v", 1
  Use +lint=PCWM for more details.


Warning-[PCWM-W] Port connection width mismatch
../src/dp_mux.sv, 27
"bin2bcd m4( .clk (clk),  .rst_n (rst_n),  .start (1),  .bin (error_q),  .dig0 (in0),  .dig1 (in1),  .dig2 (in2),  .dig3 (in3),  .dig4 (in4),  .dig5 (in5));"
  The following 6-bit expression is connected to 4-bit port "dig3" of module 
  "bin2bcd", instance "m4".
  Expression: in3
  Instantiated module defined at: "../src/bin2bcd.v", 1
  Use +lint=PCWM for more details.


Warning-[PCWM-W] Port connection width mismatch
../src/dp_mux.sv, 27
"bin2bcd m4( .clk (clk),  .rst_n (rst_n),  .start (1),  .bin (error_q),  .dig0 (in0),  .dig1 (in1),  .dig2 (in2),  .dig3 (in3),  .dig4 (in4),  .dig5 (in5));"
  The following 6-bit expression is connected to 4-bit port "dig4" of module 
  "bin2bcd", instance "m4".
  Expression: in4
  Instantiated module defined at: "../src/bin2bcd.v", 1
  Use +lint=PCWM for more details.


Warning-[PCWM-W] Port connection width mismatch
../src/dp_mux.sv, 27
"bin2bcd m4( .clk (clk),  .rst_n (rst_n),  .start (1),  .bin (error_q),  .dig0 (in0),  .dig1 (in1),  .dig2 (in2),  .dig3 (in3),  .dig4 (in4),  .dig5 (in5));"
  The following 6-bit expression is connected to 4-bit port "dig5" of module 
  "bin2bcd", instance "m4".
  Expression: in5
  Instantiated module defined at: "../src/bin2bcd.v", 1
  Use +lint=PCWM for more details.


Warning-[PCWM-W] Port connection width mismatch
../src/dut.sv, 48
"dp_mux m3( .clk (clk),  .rst_n (rst_n),  .error_q ((error_sig & {ERROR_WIDTH {led_enable}})),  .seg_out (seg_out),  .sel_out (sel_out));"
  The following 20-bit expression is connected to 11-bit port "error_q" of 
  module "dp_mux", instance "m3".
  Expression: (error_sig & {ERROR_WIDTH {led_enable}})
  Instantiated module defined at: "../src/dp_mux.sv", 1
  Use +lint=PCWM for more details.

VCS Coverage Metrics Release W-2024.09-SP2_Full64 Copyright (c) 1991-2024 by Synopsys Inc.

Note-[SVA-LDRF] Large delay or repetition found.
../tb/sva/led_mux_sva.sv, 135
  Large delay or repetition found (($stable(error_q) [* 1002])). VCS will 
  optimize compile time. However it may affect runtime.

Starting vcs inline pass...
13 modules and 0 UDP read.
recompiling module uvm_custom_install_verdi_recording
	However, due to incremental compilation, only 1 module needs to be compiled. 
make[1]: Entering directory '/home/pohsl/ai_dv_project/dv_project/LED_MUX_CONTROLLER_stu/sim/csrc' \

rm -f _cuarc*.so _csrc*.so pre_vcsobj_*.so share_vcsobj_*.so
if [ -x ../dut_simv ]; then chmod a-x ../dut_simv; fi
g++  -o ../dut_simv      -rdynamic  -Wl,-rpath='$ORIGIN'/dut_simv.daidir -Wl,-rpath=./dut_simv.daidir \
-Wl,-rpath=/home/synopsys/vcs/W-2024.09-SP2/linux64/lib -L/home/synopsys/vcs/W-2024.09-SP2/linux64/lib \
-Wl,-rpath-link=./  /usr/lib64/libnuma.so.1 uvm_dpi.o uvm_verdi_dpi.o   objs/amcQw_d.o \
_3490643_archive_1.so _prev_archive_1.so   SIM_l.o      rmapats_mop.o rmapats.o rmar.o \
rmar_nd.o  rmar_llvm_0_1.o rmar_llvm_0_0.o            -lvirsim -lerrorinf -lsnpsmalloc \
-lvfs    -lvcsnew -lsimprofile -lreader_common /home/synopsys/vcs/W-2024.09-SP2/linux64/lib/libBA.a \
-luclinative /home/synopsys/vcs/W-2024.09-SP2/linux64/lib/vcs_tls.o   -Wl,-whole-archive \
-lvcsucli    -Wl,-no-whole-archive       ./../dut_simv.daidir/vc_hdrs.o  _vcs_pli_stub_.o \
/home/synopsys/vcs/W-2024.09-SP2/linux64/lib/vcs_save_restore_new.o /home/synopsys/verdi/W-2024.09-SP2/share/PLI/VCS/LINUX64/pli.a \
-ldl  -lc -lm -lpthread -ldl 
../dut_simv up to date
make[1]: Leaving directory '/home/pohsl/ai_dv_project/dv_project/LED_MUX_CONTROLLER_stu/sim/csrc' \

CPU time: 7.349 seconds to compile + .261 seconds to elab + .513 seconds to link
Verdi KDB elaboration done and the database successfully generated
