Command: vcs -timescale=1ns/1ps top /home/synopsys/vcs/W-2024.09-SP2/etc/uvm-1.2/dpi/uvm_dpi.cc \
-CFLAGS -DVCS -kdb -debug_access -l sim.log -cm line+cond+fsm+tgl+branch+assert
Doing common elaboration 
                         Chronologic VCS (TM)
       Version W-2024.09-SP2_Full64 -- Fri Nov  7 17:35:47 2025

                    Copyright (c) 1991 - 2025 Synopsys, Inc.
   This software and the associated documentation are proprietary to Synopsys,
 Inc. This software may only be used in accordance with the terms and conditions
 of a written license agreement with Synopsys, Inc. All other use, reproduction,
   or distribution of this software is strictly prohibited.  Licensed Products
     communicate with Synopsys servers for the purpose of providing software
    updates, detecting software piracy and verifying that customers are using
    Licensed Products in conformity with the applicable License Key for such
  Licensed Products. Synopsys will use information gathered in connection with
    this process to deliver software updates and pursue software pirates and
                                   infringers.

 Inclusivity & Diversity - Visit SolvNetPlus to read the "Synopsys Statement on
            Inclusivity and Diversity" (Refer to article 000036315 at
                        https://solvnetplus.synopsys.com)


Warning-[KDB-OPTIONS] Kdb options are inconsistent.
  Kdb options of library "DEFAULT" are inconsistent with current command.
  Please check your kdb options while compiling the design.


Warning-[KDB-OPTIONS] Kdb options are inconsistent.
  Kdb options of library "UVM_LIB" are inconsistent with current command.
  Please check your kdb options while compiling the design.

Top Level Modules:
       top
TimeScale is 1 ns / 1 ps

Warning-[PCWM-W] Port connection width mismatch
../src/dut.sv, 18
"dp_mux m3( .clk (clk),  .rst_n (rst_n),  .error_q (error_sig),  .seg_out (seg_out),  .sel_out (sel_out));"
  The following 20-bit expression is connected to 11-bit port "error_q" of 
  module "dp_mux", instance "m3".
  Expression: error_sig
  Instantiated module defined at: "../src/dp_mux.sv", 1
  Use +lint=PCWM for more details.


Warning-[PCWM-W] Port connection width mismatch
../src/dp_mux.sv, 27
"bin2bcd m4( .clk (clk),  .rst_n (rst_n),  .start (1),  .bin (error_q),  .dig0 (in0),  .dig1 (in1),  .dig2 (in2),  .dig3 (in3),  .dig4 (in4),  .dig5 (in5));"
  The following 32-bit expression is connected to 1-bit port "start" of module
  "bin2bcd", instance "m4".
  Expression: 1
  Instantiated module defined at: "../src/bin2bcd.v", 1
  Use +lint=PCWM for more details.


Warning-[PCWM-W] Port connection width mismatch
../src/dp_mux.sv, 27
"bin2bcd m4( .clk (clk),  .rst_n (rst_n),  .start (1),  .bin (error_q),  .dig0 (in0),  .dig1 (in1),  .dig2 (in2),  .dig3 (in3),  .dig4 (in4),  .dig5 (in5));"
  The following 11-bit expression is connected to 37-bit port "bin" of module 
  "bin2bcd", instance "m4".
  Expression: error_q
  Instantiated module defined at: "../src/bin2bcd.v", 1
  Use +lint=PCWM for more details.


Warning-[PCWM-W] Port connection width mismatch
../src/dp_mux.sv, 27
"bin2bcd m4( .clk (clk),  .rst_n (rst_n),  .start (1),  .bin (error_q),  .dig0 (in0),  .dig1 (in1),  .dig2 (in2),  .dig3 (in3),  .dig4 (in4),  .dig5 (in5));"
  The following 6-bit expression is connected to 4-bit port "dig0" of module 
  "bin2bcd", instance "m4".
  Expression: in0
  Instantiated module defined at: "../src/bin2bcd.v", 1
  Use +lint=PCWM for more details.


Warning-[PCWM-W] Port connection width mismatch
../src/dp_mux.sv, 27
"bin2bcd m4( .clk (clk),  .rst_n (rst_n),  .start (1),  .bin (error_q),  .dig0 (in0),  .dig1 (in1),  .dig2 (in2),  .dig3 (in3),  .dig4 (in4),  .dig5 (in5));"
  The following 6-bit expression is connected to 4-bit port "dig1" of module 
  "bin2bcd", instance "m4".
  Expression: in1
  Instantiated module defined at: "../src/bin2bcd.v", 1
  Use +lint=PCWM for more details.


Warning-[PCWM-W] Port connection width mismatch
../src/dp_mux.sv, 27
"bin2bcd m4( .clk (clk),  .rst_n (rst_n),  .start (1),  .bin (error_q),  .dig0 (in0),  .dig1 (in1),  .dig2 (in2),  .dig3 (in3),  .dig4 (in4),  .dig5 (in5));"
  The following 6-bit expression is connected to 4-bit port "dig2" of module 
  "bin2bcd", instance "m4".
  Expression: in2
  Instantiated module defined at: "../src/bin2bcd.v", 1
  Use +lint=PCWM for more details.


Warning-[PCWM-W] Port connection width mismatch
../src/dp_mux.sv, 27
"bin2bcd m4( .clk (clk),  .rst_n (rst_n),  .start (1),  .bin (error_q),  .dig0 (in0),  .dig1 (in1),  .dig2 (in2),  .dig3 (in3),  .dig4 (in4),  .dig5 (in5));"
  The following 6-bit expression is connected to 4-bit port "dig3" of module 
  "bin2bcd", instance "m4".
  Expression: in3
  Instantiated module defined at: "../src/bin2bcd.v", 1
  Use +lint=PCWM for more details.


Warning-[PCWM-W] Port connection width mismatch
../src/dp_mux.sv, 27
"bin2bcd m4( .clk (clk),  .rst_n (rst_n),  .start (1),  .bin (error_q),  .dig0 (in0),  .dig1 (in1),  .dig2 (in2),  .dig3 (in3),  .dig4 (in4),  .dig5 (in5));"
  The following 6-bit expression is connected to 4-bit port "dig4" of module 
  "bin2bcd", instance "m4".
  Expression: in4
  Instantiated module defined at: "../src/bin2bcd.v", 1
  Use +lint=PCWM for more details.


Warning-[PCWM-W] Port connection width mismatch
../src/dp_mux.sv, 27
"bin2bcd m4( .clk (clk),  .rst_n (rst_n),  .start (1),  .bin (error_q),  .dig0 (in0),  .dig1 (in1),  .dig2 (in2),  .dig3 (in3),  .dig4 (in4),  .dig5 (in5));"
  The following 6-bit expression is connected to 4-bit port "dig5" of module 
  "bin2bcd", instance "m4".
  Expression: in5
  Instantiated module defined at: "../src/bin2bcd.v", 1
  Use +lint=PCWM for more details.


Warning-[PCWM-W] Port connection width mismatch
../tb/top.sv, 112
"dp_sva dp_sva_inst( .clk (clk),  .rst_n (rst_n),  .error_q (error_q),  .sel_out (sel_out),  .seg_out (seg_out));"
  The following 11-bit expression is connected to 20-bit port "error_q" of 
  module "dp_sva", instance "dp_sva_inst".
  Expression: error_q
  Instantiated module defined at: "../tb/dp_sva.sv", 22
  Use +lint=PCWM for more details.

VCS Coverage Metrics Release W-2024.09-SP2_Full64 Copyright (c) 1991-2024 by Synopsys Inc.
Starting vcs inline pass...
11 modules and 0 UDP read.
recompiling package vcs_paramclassrepository
recompiling package uvm_pkg
recompiling package led_agent_pkg
recompiling package dp_agent_pkg
recompiling package my_testbench_pkg
recompiling module top
6 of 11 modules done
	However, due to incremental compilation, only 6 modules need to be compiled. 
make[1]: Entering directory '/mnt/PCDA_share/DV/DV-Class3-2025Oct22-Nov20/uvm/LED_MUX_CONTROLLER/sim/csrc' \

rm -f _cuarc*.so _csrc*.so pre_vcsobj_*.so share_vcsobj_*.so
if [ -x ../simv ]; then chmod a-x ../simv; fi
g++  -o ../simv      -rdynamic -Wl,-rpath='$ORIGIN'/simv.daidir -Wl,-rpath=./simv.daidir \
-Wl,-rpath=/home/synopsys/vcs/W-2024.09-SP2/linux64/lib -L/home/synopsys/vcs/W-2024.09-SP2/linux64/lib \
-Wl,-rpath-link=./  /usr/lib64/libnuma.so.1 uvm_dpi.o   objs/amcQw_d.o   _1290241_archive_1.so \
_prev_archive_1.so   SIM_l.o      rmapats_mop.o rmapats.o rmar.o rmar_nd.o  rmar_llvm_0_1.o \
rmar_llvm_0_0.o            -lerrorinf -lsnpsmalloc -lvfs    -lvcsnew -lsimprofile \
-lvirsim -lreader_common /home/synopsys/vcs/W-2024.09-SP2/linux64/lib/libBA.a -luclinative \
/home/synopsys/vcs/W-2024.09-SP2/linux64/lib/vcs_tls.o   -Wl,-whole-archive  -lvcsucli \
-Wl,-no-whole-archive       ./../simv.daidir/vc_hdrs.o  _vcs_pli_stub_.o   /home/synopsys/vcs/W-2024.09-SP2/linux64/lib/vcs_save_restore_new.o \
/home/synopsys/verdi/W-2024.09-SP2/share/PLI/VCS/LINUX64/pli.a -ldl  -lc -lm -lpthread \
-ldl 
../simv up to date
make[1]: Leaving directory '/mnt/PCDA_share/DV/DV-Class3-2025Oct22-Nov20/uvm/LED_MUX_CONTROLLER/sim/csrc' \

CPU time: 6.289 seconds to compile + .296 seconds to elab + .497 seconds to link
Verdi KDB elaboration done and the database successfully generated
